<?xml version="1.0" encoding="UTF-8"?>
<!-- Generated by org.testng.reporters.JUnitReportReporter -->
<testsuite hostname="Pratik" failures="0" tests="1" name="Task.datepicker" time="1.765" errors="0" timestamp="2024-07-06T23:04:25 IST" skipped="0">
  <testcase classname="Task.datepicker" name="test" time="1.765"/>
  <system-out/>
</testsuite> <!-- Task.datepicker -->
