<?xml version="1.0" encoding="UTF-8"?>
<!-- Generated by org.testng.reporters.JUnitReportReporter -->
<testsuite hostname="Pratik" failures="0" tests="1" name="Task.mouse_hover" time="13.008" errors="0" timestamp="2024-07-07T00:26:00 IST" skipped="0">
  <testcase classname="Task.mouse_hover" name="hover" time="13.008"/>
  <system-out/>
</testsuite> <!-- Task.mouse_hover -->
