<?xml version="1.0" encoding="UTF-8"?>
<!-- Generated by org.testng.reporters.JUnitReportReporter -->
<testsuite hostname="Pratik" failures="0" tests="1" name="Task.signup" time="4.993" errors="0" timestamp="2024-07-06T23:42:16 IST" skipped="0">
  <testcase classname="Task.signup" name="register" time="4.993"/>
  <system-out/>
</testsuite> <!-- Task.signup -->
